During startup - Warning messages:
1: Setting LC_CTYPE failed, using "C" 
2: Setting LC_COLLATE failed, using "C" 
3: Setting LC_TIME failed, using "C" 
4: Setting LC_MESSAGES failed, using "C" 
5: Setting LC_MONETARY failed, using "C" 
6: Setting LC_PAPER failed, using "C" 
7: Setting LC_MEASUREMENT failed, using "C" 
Installing package into '/data/users/mvisani/R/x86_64-koji-linux-gnu-library/3.6'
(as 'lib' is unspecified)
trying URL 'http://cran.us.r-project.org/src/contrib/devtools_2.4.3.tar.gz'
Content type 'application/x-gzip' length 372413 bytes (363 KB)
==================================================
downloaded 363 KB

During startup - Warning messages:
1: Setting LC_CTYPE failed, using "C" 
2: Setting LC_TIME failed, using "C" 
3: Setting LC_MESSAGES failed, using "C" 
4: Setting LC_MONETARY failed, using "C" 
5: Setting LC_PAPER failed, using "C" 
6: Setting LC_MEASUREMENT failed, using "C" 
* installing *source* package 'devtools' ...
** package 'devtools' successfully unpacked and MD5 sums checked
** using staged installation
** R
** inst
** byte-compile and prepare package for lazy loading
During startup - Warning messages:
1: Setting LC_CTYPE failed, using "C" 
2: Setting LC_TIME failed, using "C" 
3: Setting LC_MESSAGES failed, using "C" 
4: Setting LC_MONETARY failed, using "C" 
5: Setting LC_PAPER failed, using "C" 
6: Setting LC_MEASUREMENT failed, using "C" 
** help
*** installing help indices
  converting help for package 'devtools'
    finding HTML links ... done
    as.package                              html  
    bash                                    html  
    build                                   html  
    build_manual                            html  
    build_rmd                               html  
    build_site                              html  
    build_vignettes                         html  
    check                                   html  
    finding level-2 HTML links ... done

    check_mac_release                       html  
    check_man                               html  
    check_rhub                              html  
    check_win                               html  
    clean_vignettes                         html  
    create                                  html  
    dev_mode                                html  
    dev_packages                            html  
    dev_sitrep                              html  
    devtools-deprecated                     html  
    devtools                                html  
    document                                html  
    git_checks                              html  
    has_tests                               html  
    install                                 html  
    install_deps                            html  
    is.package                              html  
    lint                                    html  
    load_all                                html  
    loaded_packages                         html  
    missing_s3                              html  
    package_file                            html  
    r_env_vars                              html  
    reexports                               html  
    release                                 html  
    release_checks                          html  
    reload                                  html  
    remote-reexports                        html  
    revdep                                  html  
    run_examples                            html  
    save_all                                html  
    show_news                               html  
    source_gist                             html  
    source_url                              html  
    spell_check                             html  
    submit_cran                             html  
    test                                    html  
    uninstall                               html  
    uses_testthat                           html  
    wd                                      html  
*** copying figures
** building package indices
** installing vignettes
** testing if installed package can be loaded from temporary location
During startup - Warning messages:
1: Setting LC_CTYPE failed, using "C" 
2: Setting LC_TIME failed, using "C" 
3: Setting LC_MESSAGES failed, using "C" 
4: Setting LC_MONETARY failed, using "C" 
5: Setting LC_PAPER failed, using "C" 
6: Setting LC_MEASUREMENT failed, using "C" 
** testing if installed package can be loaded from final location
During startup - Warning messages:
1: Setting LC_CTYPE failed, using "C" 
2: Setting LC_TIME failed, using "C" 
3: Setting LC_MESSAGES failed, using "C" 
4: Setting LC_MONETARY failed, using "C" 
5: Setting LC_PAPER failed, using "C" 
6: Setting LC_MEASUREMENT failed, using "C" 
** testing if installed package keeps a record of temporary installation path
* DONE (devtools)

The downloaded source packages are in
	'/tmp/Rtmpd7Bt5W/downloaded_packages'
Loading required package: usethis
Skipping install of 'RiboseQC' from a github remote, the SHA1 (152fa66a) has not changed since last install.
  Use `force = TRUE` to force installation
Loading required package: rmarkdown
Loading required package: rtracklayer
Loading required package: GenomicRanges
Loading required package: stats4
Loading required package: BiocGenerics
Loading required package: parallel

Attaching package: 'BiocGenerics'

The following objects are masked from 'package:parallel':

    clusterApply, clusterApplyLB, clusterCall, clusterEvalQ,
    clusterExport, clusterMap, parApply, parCapply, parLapply,
    parLapplyLB, parRapply, parSapply, parSapplyLB

The following objects are masked from 'package:stats':

    IQR, mad, sd, var, xtabs

The following objects are masked from 'package:base':

    Filter, Find, Map, Position, Reduce, anyDuplicated, append,
    as.data.frame, basename, cbind, colnames, dirname, do.call,
    duplicated, eval, evalq, get, grep, grepl, intersect, is.unsorted,
    lapply, mapply, match, mget, order, paste, pmax, pmax.int, pmin,
    pmin.int, rank, rbind, rownames, sapply, setdiff, sort, table,
    tapply, union, unique, unsplit, which, which.max, which.min

Loading required package: S4Vectors

Attaching package: 'S4Vectors'

The following object is masked from 'package:base':

    expand.grid

Loading required package: IRanges
Loading required package: GenomeInfoDb
Loading required package: GenomicAlignments
Loading required package: SummarizedExperiment
Loading required package: Biobase
Welcome to Bioconductor

    Vignettes contain introductory material; view with
    'browseVignettes()'. To cite Bioconductor, see
    'citation("Biobase")', and for packages 'citation("pkgname")'.

Loading required package: DelayedArray
Loading required package: matrixStats

Attaching package: 'matrixStats'

The following objects are masked from 'package:Biobase':

    anyMissing, rowMedians

Loading required package: BiocParallel

Attaching package: 'DelayedArray'

The following objects are masked from 'package:matrixStats':

    colMaxs, colMins, colRanges, rowMaxs, rowMins, rowRanges

The following objects are masked from 'package:base':

    aperm, apply, rowsum

Loading required package: Biostrings
Loading required package: XVector

Attaching package: 'Biostrings'

The following object is masked from 'package:base':

    strsplit

Loading required package: Rsamtools
Loading required package: BSgenome
Loading required package: GenomicFiles
Loading required package: reshape2
Loading required package: ggplot2
Loading required package: knitr
Loading required package: DT
Loading required package: gridExtra

Attaching package: 'gridExtra'

The following object is masked from 'package:Biobase':

    combine

The following object is masked from 'package:BiocGenerics':

    combine

Loading required package: ggpubr
Loading required package: viridis
Loading required package: viridisLite
Loading required package: GenomicFeatures
Loading required package: AnnotationDbi
Warning messages:
1: replacing previous import 'gridExtra::combine' by 'BiocGenerics::combine' when loading 'RiboseQC' 
2: replacing previous import 'ggplot2::Position' by 'BiocGenerics::Position' when loading 'RiboseQC' 
Creating the BSgenome package ... Tue Nov 30 15:29:34 2021
Creating package in /data/users/mvisani/rna_seq/R_QC/BSgenome.Rattus.norvegicus.Rnor6 
Copying '/data/users/mvisani/rna_seq/R_QC/Rattus_norvegicus.Rnor_6.0.dna.toplevel.2bit' to '/data/users/mvisani/rna_seq/R_QC/BSgenome.Rattus.norvegicus.Rnor6/inst/extdata/single_sequences.2bit' ... DONE
Creating the BSgenome package --- Done! Tue Nov 30 15:29:34 2021
Installing the BSgenome package ... Tue Nov 30 15:29:34 2021
     During startup - Warning messages:
   1: Setting LC_CTYPE failed, using "C" 
   2: Setting LC_TIME failed, using "C" 
   3: Setting LC_MESSAGES failed, using "C" 
   4: Setting LC_MONETARY failed, using "C" 
   5: Setting LC_PAPER failed, using "C" 
   6: Setting LC_MEASUREMENT failed, using "C" 
     checking for file '/data/users/mvisani/rna_seq/R_QC/BSgenome.Rattus.norvegicus.Rnor6/DESCRIPTION' ...  v  checking for file '/data/users/mvisani/rna_seq/R_QC/BSgenome.Rattus.norvegicus.Rnor6/DESCRIPTION'
  -  preparing 'BSgenome.Rattus.norvegicus.Rnor6': (547ms)
  v  checking DESCRIPTION meta-information
  -  checking for LF line-endings in source and make files and shell scripts
  -  checking for empty or unneeded directories
-  building 'BSgenome.Rattus.norvegicus.Rnor6_1.0.tar.gz'
     
Running /software/R/3.6.1/lib64/R/bin/R CMD INSTALL \
  /tmp/Rtmpd7Bt5W/BSgenome.Rattus.norvegicus.Rnor6_1.0.tar.gz --install-tests \
  
During startup - Warning messages:
1: Setting LC_CTYPE failed, using "C" 
2: Setting LC_TIME failed, using "C" 
3: Setting LC_MESSAGES failed, using "C" 
4: Setting LC_MONETARY failed, using "C" 
5: Setting LC_PAPER failed, using "C" 
6: Setting LC_MEASUREMENT failed, using "C" 
* installing to library '/data/users/mvisani/R/x86_64-koji-linux-gnu-library/3.6'
* installing *source* package 'BSgenome.Rattus.norvegicus.Rnor6' ...
** using staged installation
** R
** inst
** byte-compile and prepare package for lazy loading
During startup - Warning messages:
1: Setting LC_CTYPE failed, using "C" 
2: Setting LC_TIME failed, using "C" 
3: Setting LC_MESSAGES failed, using "C" 
4: Setting LC_MONETARY failed, using "C" 
5: Setting LC_PAPER failed, using "C" 
6: Setting LC_MEASUREMENT failed, using "C" 
** help
*** installing help indices
  converting help for package 'BSgenome.Rattus.norvegicus.Rnor6'
    finding HTML links ... done
    package                                 html  
Rd warning: /tmp/RtmpNjb5Fn/R.INSTALL1792141ebf7e/BSgenome.Rattus.norvegicus.Rnor6/man/package.Rd:33: file link 'BSgenome' in package 'BSgenome' does not exist and so has been treated as a topic
Rd warning: /tmp/RtmpNjb5Fn/R.INSTALL1792141ebf7e/BSgenome.Rattus.norvegicus.Rnor6/man/package.Rd:36: file link 'DNAString' in package 'Biostrings' does not exist and so has been treated as a topic
** building package indices
** testing if installed package can be loaded from temporary location
During startup - Warning messages:
1: Setting LC_CTYPE failed, using "C" 
2: Setting LC_TIME failed, using "C" 
3: Setting LC_MESSAGES failed, using "C" 
4: Setting LC_MONETARY failed, using "C" 
5: Setting LC_PAPER failed, using "C" 
6: Setting LC_MEASUREMENT failed, using "C" 
** testing if installed package can be loaded from final location
During startup - Warning messages:
1: Setting LC_CTYPE failed, using "C" 
2: Setting LC_TIME failed, using "C" 
3: Setting LC_MESSAGES failed, using "C" 
4: Setting LC_MONETARY failed, using "C" 
5: Setting LC_PAPER failed, using "C" 
6: Setting LC_MEASUREMENT failed, using "C" 
** testing if installed package keeps a record of temporary installation path
* DONE (BSgenome.Rattus.norvegicus.Rnor6)
Installing the BSgenome package --- Done! Tue Nov 30 15:31:17 2021
Creating the TxDb object ... Tue Nov 30 15:31:17 2021
Import genomic features from the file as a GRanges object ... OK
Prepare the 'metadata' data frame ... OK
Make the TxDb object ... OK
Creating the TxDb object --- Done! Tue Nov 30 15:31:37 2021
Extracting genomic regions ... Tue Nov 30 15:31:37 2021
Extracting ids and biotypes ... Tue Nov 30 15:33:05 2021
Defining most common start/stop codons ... Tue Nov 30 15:36:24 2021
Rannot object created!   Tue Nov 30 15:38:14 2021
Warning message:
In .get_cds_IDX(mcols0$type, mcols0$phase) :
  The "phase" metadata column contains non-NA values for features of type
  stop_codon. This information was ignored.
Loading annotation files in Rattus_norvegicus.Rnor_6.0.104.gtf.gz_Rannot ... Tue Nov 30 15:38:14 2021
Loading annotation files --- Done! Tue Nov 30 15:38:16 2021
Extracting read lengths from ./bam/Biever_Neuropil_Poly_1_clpd_tr_no_r_sno_sn_t-RNA_Rnor_6_sorted.bam ... Tue Nov 30 15:38:20 2021
Extracting read lengths --- Done! Tue Nov 30 15:38:40 2021
Analyzing BAM file: ./bam/Biever_Neuropil_Poly_1_clpd_tr_no_r_sno_sn_t-RNA_Rnor_6_sorted.bam ... Tue Nov 30 15:38:40 2021 
Analyzing BAM file --- Done! Tue Nov 30 15:40:23 2021 
Building aggregate 5' profiles ... Tue Nov 30 15:40:23 2021 
Building aggregate 5' profiles --- Done! Tue Nov 30 15:41:26 2021 
Calculating P-sites offsets ... Tue Nov 30 15:41:26 2021 
Calculating P-sites offsets --- Done! Tue Nov 30 15:41:29 2021 
Calculating P-sites positions and junctions ... Tue Nov 30 15:41:29 2021 
Calculating P-sites positions and junctions --- Done! Tue Nov 30 15:42:19 2021 
Building aggregate P-sites profiles ... Tue Nov 30 15:42:19 2021 
Building aggregate P-sites profiles --- Done! Tue Nov 30 15:43:37 2021 
Exporting files ... Tue Nov 30 15:43:37 2021 
Exporting files --- Done! Tue Nov 30 15:44:05 2021 

Extracting read lengths from ./bam/Biever_Neuropil_Poly_2_clpd_tr_no_r_sno_sn_t-RNA_Rnor_6_sorted.bam ... Tue Nov 30 15:44:08 2021
Extracting read lengths --- Done! Tue Nov 30 15:44:36 2021
Analyzing BAM file: ./bam/Biever_Neuropil_Poly_2_clpd_tr_no_r_sno_sn_t-RNA_Rnor_6_sorted.bam ... Tue Nov 30 15:44:36 2021 
Analyzing BAM file --- Done! Tue Nov 30 15:47:26 2021 
Building aggregate 5' profiles ... Tue Nov 30 15:47:26 2021 
Building aggregate 5' profiles --- Done! Tue Nov 30 15:48:14 2021 
Calculating P-sites offsets ... Tue Nov 30 15:48:14 2021 
Calculating P-sites offsets --- Done! Tue Nov 30 15:48:17 2021 
Calculating P-sites positions and junctions ... Tue Nov 30 15:48:17 2021 
Calculating P-sites positions and junctions --- Done! Tue Nov 30 15:49:35 2021 
Building aggregate P-sites profiles ... Tue Nov 30 15:49:35 2021 
Building aggregate P-sites profiles --- Done! Tue Nov 30 15:50:06 2021 
Exporting files ... Tue Nov 30 15:50:06 2021 
Exporting files --- Done! Tue Nov 30 15:50:22 2021 

Extracting read lengths from ./bam/Biever_Neuropil_Poly_3_clpd_tr_no_r_sno_sn_t-RNA_Rnor_6_sorted.bam ... Tue Nov 30 15:50:24 2021
Extracting read lengths --- Done! Tue Nov 30 15:50:38 2021
Analyzing BAM file: ./bam/Biever_Neuropil_Poly_3_clpd_tr_no_r_sno_sn_t-RNA_Rnor_6_sorted.bam ... Tue Nov 30 15:50:38 2021 
Analyzing BAM file --- Done! Tue Nov 30 15:52:25 2021 
Building aggregate 5' profiles ... Tue Nov 30 15:52:25 2021 
Building aggregate 5' profiles --- Done! Tue Nov 30 15:53:11 2021 
Calculating P-sites offsets ... Tue Nov 30 15:53:11 2021 
Calculating P-sites offsets --- Done! Tue Nov 30 15:53:13 2021 
Calculating P-sites positions and junctions ... Tue Nov 30 15:53:13 2021 
Calculating P-sites positions and junctions --- Done! Tue Nov 30 15:53:47 2021 
Building aggregate P-sites profiles ... Tue Nov 30 15:53:47 2021 
[1] "Not enough signal or low frame preference, skipped P-sites & codon occupancy calculation. \n Set 'all' in the 'choose_readlengths' choice to ignore this warning and get P-sites positions in a new run"
Building aggregate P-sites profiles --- Done! Tue Nov 30 15:53:47 2021 
Exporting files ... Tue Nov 30 15:53:47 2021 
Exporting files --- Done! Tue Nov 30 15:53:58 2021 

Extracting read lengths from ./bam/Biever_Somata_Poly_1_clpd_tr_no_r_sno_sn_t-RNA_Rnor_6_sorted.bam ... Tue Nov 30 15:54:01 2021
Extracting read lengths --- Done! Tue Nov 30 15:54:13 2021
Analyzing BAM file: ./bam/Biever_Somata_Poly_1_clpd_tr_no_r_sno_sn_t-RNA_Rnor_6_sorted.bam ... Tue Nov 30 15:54:13 2021 
Analyzing BAM file --- Done! Tue Nov 30 15:55:38 2021 
Building aggregate 5' profiles ... Tue Nov 30 15:55:39 2021 
Building aggregate 5' profiles --- Done! Tue Nov 30 15:56:36 2021 
Calculating P-sites offsets ... Tue Nov 30 15:56:36 2021 
Calculating P-sites offsets --- Done! Tue Nov 30 15:56:38 2021 
Calculating P-sites positions and junctions ... Tue Nov 30 15:56:38 2021 
Calculating P-sites positions and junctions --- Done! Tue Nov 30 15:57:27 2021 
Building aggregate P-sites profiles ... Tue Nov 30 15:57:27 2021 
Building aggregate P-sites profiles --- Done! Tue Nov 30 15:58:09 2021 
Exporting files ... Tue Nov 30 15:58:09 2021 
Exporting files --- Done! Tue Nov 30 15:58:40 2021 

Extracting read lengths from ./bam/Biever_Somata_Poly_2_clpd_tr_no_r_sno_sn_t-RNA_Rnor_6_sorted.bam ... Tue Nov 30 15:58:43 2021
Extracting read lengths --- Done! Tue Nov 30 15:59:02 2021
Analyzing BAM file: ./bam/Biever_Somata_Poly_2_clpd_tr_no_r_sno_sn_t-RNA_Rnor_6_sorted.bam ... Tue Nov 30 15:59:02 2021 
Analyzing BAM file --- Done! Tue Nov 30 16:01:04 2021 
Building aggregate 5' profiles ... Tue Nov 30 16:01:05 2021 
Building aggregate 5' profiles --- Done! Tue Nov 30 16:01:51 2021 
Calculating P-sites offsets ... Tue Nov 30 16:01:51 2021 
Calculating P-sites offsets --- Done! Tue Nov 30 16:01:54 2021 
Calculating P-sites positions and junctions ... Tue Nov 30 16:01:54 2021 
Calculating P-sites positions and junctions --- Done! Tue Nov 30 16:02:51 2021 
Building aggregate P-sites profiles ... Tue Nov 30 16:02:51 2021 
Building aggregate P-sites profiles --- Done! Tue Nov 30 16:03:36 2021 
Exporting files ... Tue Nov 30 16:03:36 2021 
Exporting files --- Done! Tue Nov 30 16:03:53 2021 

Extracting read lengths from ./bam/Biever_Somata_Poly_3_clpd_tr_no_r_sno_sn_t-RNA_Rnor_6_sorted.bam ... Tue Nov 30 16:03:56 2021
Extracting read lengths --- Done! Tue Nov 30 16:04:12 2021
Analyzing BAM file: ./bam/Biever_Somata_Poly_3_clpd_tr_no_r_sno_sn_t-RNA_Rnor_6_sorted.bam ... Tue Nov 30 16:04:12 2021 
Analyzing BAM file --- Done! Tue Nov 30 16:06:11 2021 
Building aggregate 5' profiles ... Tue Nov 30 16:06:11 2021 
Building aggregate 5' profiles --- Done! Tue Nov 30 16:07:03 2021 
Calculating P-sites offsets ... Tue Nov 30 16:07:03 2021 
Calculating P-sites offsets --- Done! Tue Nov 30 16:07:05 2021 
Calculating P-sites positions and junctions ... Tue Nov 30 16:07:05 2021 
Calculating P-sites positions and junctions --- Done! Tue Nov 30 16:07:56 2021 
Building aggregate P-sites profiles ... Tue Nov 30 16:07:56 2021 
Building aggregate P-sites profiles --- Done! Tue Nov 30 16:08:26 2021 
Exporting files ... Tue Nov 30 16:08:26 2021 
Exporting files --- Done! Tue Nov 30 16:08:49 2021 

Creating html report in R_nor_QC.html ... Tue Nov 30 16:08:49 2021


processing file: riboseqc_template.Rmd
Quitting from lines 4-13 (riboseqc_template.Rmd) 
Quitting from lines NA-150 (riboseqc_template.Rmd) 
Error in parse(text = x, srcfile = src) : 
  attempt to use zero-length variable name
Calls: RiboseQC_analysis -> create_html_report
In addition: Warning message:
did not converge in 10 iterations 
Execution halted
